;;; -*- coding: utf-8 -*-
(("/Users/wandersonferreira/.emacs.d/recentf" . 3306)
 ("/Users/wandersonferreira/dotfiles/emacs/init.el" . 1182)
 ("/Users/wandersonferreira/.bash_profile" . 1524)
 ("/Users/wandersonferreira/dotfiles/scripts/goSetup.sh" . 391)
 ("/Users/wandersonferreira/.emacs.d/elpa/go-direx-20150315.1843/go-direx-autoloads.el" . 439)
 ("/Users/wandersonferreira/.emacs.d/elpa/direx-20170422.627/direx-autoloads.el" . 834)
 ("/Users/wandersonferreira/.emacs.d/elpa/go-gopath-20160705.334/go-gopath-autoloads.el" . 381)
 ("/Users/wandersonferreira/.emacs.d/elpa/go-eldoc-20170305.627/go-eldoc-autoloads.el" . 407)
 ("/Users/wandersonferreira/.emacs.d/elpa/go-add-tags-20161123.427/go-add-tags-autoloads.el" . 430)
 ("/Users/wandersonferreira/.emacs.d/elpa/go-stacktracer-20150430.1442/go-stacktracer-autoloads.el" . 449)
 ("/Users/wandersonferreira/.emacs.d/elpa/company-go-20170825.943/company-go-autoloads.el" . 405)
 ("/Users/wandersonferreira/.emacs.d/elpa/exec-path-from-shell-20170508.4/exec-path-from-shell-autoloads.el" . 1284)
 ("/Users/wandersonferreira/.emacs.d/elpa/smex-20151212.1409/smex-autoloads.el" . 522)
 ("/Users/wandersonferreira/.emacs.d/elpa/gist-20171127.2006/gist-autoloads.el" . 2348)
 ("/Users/wandersonferreira/.emacs.d/elpa/gh-20180112.1110/gh-autoloads.el" . 13670)
 ("/Users/wandersonferreira/.emacs.d/elpa/pcache-20170105.1414/pcache-autoloads.el" . 248)
 ("/Users/wandersonferreira/.emacs.d/elpa/logito-20120225.1255/logito-autoloads.el" . 247)
 ("/Users/wandersonferreira/.emacs.d/elpa/marshal-20180102.201/marshal-autoloads.el" . 590)
 ("/Users/wandersonferreira/.emacs.d/elpa/ht-20171213.1334/ht-autoloads.el" . 238)
 ("/Users/wandersonferreira/.emacs.d/elpa/volatile-highlights-20160611.1855/volatile-highlights-autoloads.el" . 897)
 ("/Users/wandersonferreira/.emacs.d/elpa/highlight-numbers-20170905.342/highlight-numbers-autoloads.el" . 733)
 ("/Users/wandersonferreira/.emacs.d/elpa/parent-mode-20150824.1600/parent-mode-autoloads.el" . 266)
 ("/Users/wandersonferreira/.emacs.d/elpa/idle-highlight-mode-20120920.948/idle-highlight-mode-autoloads.el" . 461)
 ("/Users/wandersonferreira/.emacs.d/elpa/json-mode-20170719.2205/json-mode-autoloads.el" . 1801)
 ("/Users/wandersonferreira/.emacs.d/elpa/json-reformat-20160212.53/json-reformat-autoloads.el" . 588)
 ("/Users/wandersonferreira/.emacs.d/elpa/json-snatcher-20150511.2047/json-snatcher-autoloads.el" . 464)
 ("/Users/wandersonferreira/.emacs.d/elpa/yafolding-20170304.1917/yafolding-autoloads.el" . 666)
 ("/Users/wandersonferreira/.emacs.d/elpa/whitespace-cleanup-mode-20170505.1923/whitespace-cleanup-mode-autoloads.el" . 1693)
 ("/Users/wandersonferreira/.emacs.d/elpa/go-mode-20170726.555/go-mode-autoloads.el" . 3102)
 ("/Users/wandersonferreira/.emacs.d/elpa/dired-sort-20090208.2038/dired-sort-autoloads.el" . 256)
 ("/Users/wandersonferreira/.emacs.d/elpa/diredfl-20171014.1402/diredfl-autoloads.el" . 1236)
 ("/Users/wandersonferreira/.emacs.d/elpa/company-flx-20180102.2118/company-flx-autoloads.el" . 774)
 ("/Users/wandersonferreira/.emacs.d/elpa/flx-20151030.1112/flx-autoloads.el" . 242)
 ("/Users/wandersonferreira/.emacs.d/elpa/restclient-20171203.1248/restclient-autoloads.el" . 971)
 ("/Users/wandersonferreira/.emacs.d/elpa/ace-link-20180101.1328/ace-link-autoloads.el" . 1811)
 ("/Users/wandersonferreira/.emacs.d/elpa/dumb-jump-20180109.1318/dumb-jump-autoloads.el" . 2115)
 ("/Users/wandersonferreira/.emacs.d/elpa/popup-20160709.729/popup-autoloads.el" . 246)
 ("/Users/wandersonferreira/.emacs.d/elpa/tldr-20171023.1929/tldr-autoloads.el" . 521)
 ("/Users/wandersonferreira/.emacs.d/elpa/insert-shebang-20170825.438/insert-shebang-autoloads.el" . 561)
 ("/Users/wandersonferreira/.emacs.d/elpa/typo-20171209.223/typo-autoloads.el" . 1055)
 ("/Users/wandersonferreira/.emacs.d/elpa/shackle-20171209.1401/shackle-autoloads.el" . 804)
 ("/Users/wandersonferreira/.emacs.d/elpa/avy-20171230.220/avy-autoloads.el" . 7528)
 ("/Users/wandersonferreira/.emacs.d/elpa/deft-20180112.1155/deft-autoloads.el" . 900)
 ("/Users/wandersonferreira/.emacs.d/elpa/projectile-20180118.745/projectile-autoloads.el" . 17044)
 ("/Users/wandersonferreira/.emacs.d/elpa/pkg-info-20150517.443/pkg-info-autoloads.el" . 3778)
 ("/Users/wandersonferreira/.emacs.d/elpa/epl-20150517.433/epl-autoloads.el" . 241)
 ("/Users/wandersonferreira/.emacs.d/elpa/electric-operator-20180114.1000/electric-operator-autoloads.el" . 959)
 ("/Users/wandersonferreira/.emacs.d/elpa/names-20171012.1214/names-autoloads.el" . 3559)
 ("/Users/wandersonferreira/.emacs.d/elpa/pythonic-20171219.810/pythonic-autoloads.el" . 503)
 ("/Users/wandersonferreira/.emacs.d/elpa/f-20180106.122/f-autoloads.el" . 238)
 ("/Users/wandersonferreira/.emacs.d/elpa/elpy-20180119.54/elpy-autoloads.el" . 1133)
 ("/Users/wandersonferreira/.emacs.d/elpa/company-20180101.1101/company-autoloads.el" . 9375)
 ("/Users/wandersonferreira/.emacs.d/elpa/find-file-in-project-20171219.1858/find-file-in-project-autoloads.el" . 7932)
 ("/Users/wandersonferreira/.emacs.d/elpa/highlight-indentation-20171218.137/highlight-indentation-autoloads.el" . 968)
 ("/Users/wandersonferreira/.emacs.d/elpa/pyvenv-20171215.1329/pyvenv-autoloads.el" . 1910)
 ("/Users/wandersonferreira/.emacs.d/elpa/yasnippet-20180111.1533/yasnippet-autoloads.el" . 1538)
 ("/Users/wandersonferreira/.emacs.d/elpa/s-20171102.227/s-autoloads.el" . 238)
 ("/Users/wandersonferreira/.emacs.d/elpa/counsel-20180114.1336/counsel-autoloads.el" . 11020)
 ("/Users/wandersonferreira/.emacs.d/elpa/swiper-20180119.911/swiper-autoloads.el" . 652)
 ("/Users/wandersonferreira/.emacs.d/elpa/ivy-20180115.1555/ivy-autoloads.el" . 3961)
 ("/Users/wandersonferreira/.emacs.d/elpa/flyspell-correct-20171205.940/flyspell-correct-autoloads.el" . 1620)
 ("/Users/wandersonferreira/.emacs.d/elpa/magit-20180120.435/magit-autoloads.el" . 70196)
 ("/Users/wandersonferreira/.emacs.d/elpa/ghub-20180117.1249/ghub-autoloads.el" . 930)
 ("/Users/wandersonferreira/.emacs.d/elpa/git-commit-20180118.507/git-commit-autoloads.el" . 1235)
 ("/Users/wandersonferreira/.emacs.d/elpa/let-alist-1.0.5/let-alist-autoloads.el" . 1298)
 ("/Users/wandersonferreira/.emacs.d/elpa/magit-popup-20180119.111/magit-popup-autoloads.el" . 287)
 ("/Users/wandersonferreira/.emacs.d/elpa/dash-20180118.743/dash-autoloads.el" . 244)
 ("/Users/wandersonferreira/.emacs.d/elpa/with-editor-20180111.433/with-editor-autoloads.el" . 287)
 ("/Users/wandersonferreira/.emacs.d/elpa/async-20180119.533/async-autoloads.el" . 4643))
